0 info it worked if it ends with ok
1 verbose cli [ 'C:\\Program Files\\node-v6.11.2-win-x64\\node.exe',
1 verbose cli   'C:\\Program Files\\node-v6.11.2-win-x64\\node_modules\\npm\\bin\\npm-cli.js',
1 verbose cli   'start' ]
2 info using npm@3.10.10
3 info using node@v6.11.2
4 verbose run-script [ 'prestart', 'start', 'poststart' ]
5 info lifecycle websocket@1.0.0~prestart: websocket@1.0.0
6 silly lifecycle websocket@1.0.0~prestart: no script for prestart, continuing
7 info lifecycle websocket@1.0.0~start: websocket@1.0.0
8 verbose lifecycle websocket@1.0.0~start: unsafe-perm in lifecycle true
9 verbose lifecycle websocket@1.0.0~start: PATH: C:\Program Files\node-v6.11.2-win-x64\node_modules\npm\bin\node-gyp-bin;E:\webRTC\websocket服务\websocket\node_modules\.bin;C:\Program Files\Microsoft MPI\Bin\;C:\ProgramData\Oracle\Java\javapath;C:\WINDOWS\system32;C:\WINDOWS;C:\WINDOWS\System32\Wbem;C:\WINDOWS\System32\WindowsPowerShell\v1.0\;"C:\Program Files\Java\jdk1.8.0_131\bin;C:\Program Files\Java\jdk1.8.0_131\jre\bin;";"C:\Program Files\MySQL\mysql-5.7.18-winx64\mysql-5.7.18-winx64\bin;C:\Program Files\Git\cmd;C:\Program Files (x86)\Microsoft SQL Server\100\Tools\Binn\;C:\Program Files (x86)\Microsoft SQL Server\100\DTS\Binn\;C:\Program Files (x86)\Microsoft SQL Server\100\Tools\Binn\VSShell\Common7\IDE\;C:\Program Files (x86)\Microsoft Visual Studio 9.0\Common7\IDE\PrivateAssemblies\;C:\Program Files\Tomcat\apache-tomcat-8.5.16\lib;C:\Program Files\Tomcat\apache-tomcat-8.5.16\bin";C:\Program Files (x86)\Microsoft ASP.NET\ASP.NET Web Pages\v1.0\;C:\Program Files\Microsoft\Web Platform Installer\;C:\Program Files\node-v6.11.2-win-x64;C:\Program Files\node-v6.11.2-win-x64\node_global;C:\Program Files\TortoiseSVN\bin;D:\Program Files\ffmpeg\ffmpeg-20171022-72c3d9a-win64-static\bin;D:\Cygwin\bin;"D:\Red5\boot.jar;D:\Red5\lib";C:\Program Files\dotnet\;C:\Program Files\Microsoft SQL Server\130\Tools\Binn\;C:\Ruby24-x64\bin;C:\Users\w0320\AppData\Local\Microsoft\WindowsApps;C:\Users\w0320\AppData\Local\Microsoft\WindowsApps;D:\Program Files\Microsoft VS Code\bin
10 verbose lifecycle websocket@1.0.0~start: CWD: E:\webRTC\websocket服务\websocket
11 silly lifecycle websocket@1.0.0~start: Args: [ '/d /s /c', 'node app.js' ]
12 silly lifecycle websocket@1.0.0~start: Returned: code: 1  signal: null
13 info lifecycle websocket@1.0.0~start: Failed to exec start script
14 verbose stack Error: websocket@1.0.0 start: `node app.js`
14 verbose stack Exit status 1
14 verbose stack     at EventEmitter.<anonymous> (C:\Program Files\node-v6.11.2-win-x64\node_modules\npm\lib\utils\lifecycle.js:255:16)
14 verbose stack     at emitTwo (events.js:106:13)
14 verbose stack     at EventEmitter.emit (events.js:191:7)
14 verbose stack     at ChildProcess.<anonymous> (C:\Program Files\node-v6.11.2-win-x64\node_modules\npm\lib\utils\spawn.js:40:14)
14 verbose stack     at emitTwo (events.js:106:13)
14 verbose stack     at ChildProcess.emit (events.js:191:7)
14 verbose stack     at maybeClose (internal/child_process.js:891:16)
14 verbose stack     at Process.ChildProcess._handle.onexit (internal/child_process.js:226:5)
15 verbose pkgid websocket@1.0.0
16 verbose cwd E:\webRTC\websocket服务\websocket
17 error Windows_NT 10.0.16299
18 error argv "C:\\Program Files\\node-v6.11.2-win-x64\\node.exe" "C:\\Program Files\\node-v6.11.2-win-x64\\node_modules\\npm\\bin\\npm-cli.js" "start"
19 error node v6.11.2
20 error npm  v3.10.10
21 error code ELIFECYCLE
22 error websocket@1.0.0 start: `node app.js`
22 error Exit status 1
23 error Failed at the websocket@1.0.0 start script 'node app.js'.
23 error Make sure you have the latest version of node.js and npm installed.
23 error If you do, this is most likely a problem with the websocket package,
23 error not with npm itself.
23 error Tell the author that this fails on your system:
23 error     node app.js
23 error You can get information on how to open an issue for this project with:
23 error     npm bugs websocket
23 error Or if that isn't available, you can get their info via:
23 error     npm owner ls websocket
23 error There is likely additional logging output above.
24 verbose exit [ 1, true ]
